# JRE version: Java(TM) SE Runtime Environment (15.0.2+7) (build 15.0.2+7-27)
# Java VM: Java HotSpot(TM) 64-Bit Server VM (15.0.2+7-27, mixed mode, sharing, tiered, compressed oops, g1 gc, windows-amd64)
GC Precious Log:
 CPUs: 8 total, 8 available
 Memory: 16134M
 Large Page Support: Disabled
 NUMA Support: Disabled
 Compressed Oops: Enabled (32-bit)
 Heap Region Size: 1M
 Heap Min Capacity: 8M
 Heap Initial Capacity: 254M
 Heap Max Capacity: 1536M
 Pre-touch: Disabled
 Parallel Workers: 8
 Concurrent Workers: 2
 Concurrent Refinement Workers: 8
 Periodic GC: Disabled
Heap:
 garbage-first heap   total 94208K, used 58460K [0x00000000a0000000, 0x0000000100000000)
  region size 1024K, 12 young (12288K), 1 survivors (1024K)
 Metaspace       used 48627K, capacity 49633K, committed 49840K, reserved 1091584K
  class space    used 6495K, capacity 6803K, committed 6912K, reserved 1048576K
GC Heap History (20 events):
Event: 19.868 GC heap before
{Heap before GC invocations=5 (full 0):
 garbage-first heap   total 89088K, used 61326K [0x00000000a0000000, 0x0000000100000000)
  region size 1024K, 40 young (40960K), 3 survivors (3072K)
 Metaspace       used 33289K, capacity 33971K, committed 34224K, reserved 1079296K
  class space    used 4539K, capacity 4751K, committed 4864K, reserved 1048576K
}
Event: 19.884 GC heap after
{Heap after GC invocations=6 (full 0):
 garbage-first heap   total 89088K, used 29188K [0x00000000a0000000, 0x0000000100000000)
  region size 1024K, 5 young (5120K), 5 survivors (5120K)
 Metaspace       used 33289K, capacity 33971K, committed 34224K, reserved 1079296K
  class space    used 4539K, capacity 4751K, committed 4864K, reserved 1048576K
}
Event: 21.210 GC heap before
{Heap before GC invocations=6 (full 0):
 garbage-first heap   total 89088K, used 51716K [0x00000000a0000000, 0x0000000100000000)
  region size 1024K, 26 young (26624K), 5 survivors (5120K)
 Metaspace       used 35114K, capacity 35792K, committed 35888K, reserved 1081344K
  class space    used 4674K, capacity 4903K, committed 4992K, reserved 1048576K
}
Event: 21.232 GC heap after
{Heap after GC invocations=7 (full 0):
 garbage-first heap   total 89088K, used 31981K [0x00000000a0000000, 0x0000000100000000)
  region size 1024K, 3 young (3072K), 3 survivors (3072K)
 Metaspace       used 35114K, capacity 35792K, committed 35888K, reserved 1081344K
  class space    used 4674K, capacity 4903K, committed 4992K, reserved 1048576K
}
Event: 24.673 GC heap before
{Heap before GC invocations=8 (full 0):
 garbage-first heap   total 89088K, used 65773K [0x00000000a0000000, 0x0000000100000000)
  region size 1024K, 36 young (36864K), 3 survivors (3072K)
 Metaspace       used 38256K, capacity 39059K, committed 39216K, reserved 1083392K
  class space    used 5149K, capacity 5404K, committed 5504K, reserved 1048576K
}
Event: 24.686 GC heap after
{Heap after GC invocations=9 (full 0):
 garbage-first heap   total 89088K, used 35179K [0x00000000a0000000, 0x0000000100000000)
  region size 1024K, 5 young (5120K), 5 survivors (5120K)
 Metaspace       used 38256K, capacity 39059K, committed 39216K, reserved 1083392K
  class space    used 5149K, capacity 5404K, committed 5504K, reserved 1048576K
}
Event: 26.206 GC heap before
{Heap before GC invocations=9 (full 0):
 garbage-first heap   total 89088K, used 66923K [0x00000000a0000000, 0x0000000100000000)
  region size 1024K, 36 young (36864K), 5 survivors (5120K)
 Metaspace       used 41573K, capacity 42456K, committed 42672K, reserved 1085440K
  class space    used 5540K, capacity 5806K, committed 5888K, reserved 1048576K
}
Event: 26.222 GC heap after
{Heap after GC invocations=10 (full 0):
 garbage-first heap   total 89088K, used 37206K [0x00000000a0000000, 0x0000000100000000)
  region size 1024K, 2 young (2048K), 2 survivors (2048K)
 Metaspace       used 41573K, capacity 42456K, committed 42672K, reserved 1085440K
  class space    used 5540K, capacity 5806K, committed 5888K, reserved 1048576K
}
Event: 28.260 GC heap before
{Heap before GC invocations=10 (full 0):
 garbage-first heap   total 89088K, used 67926K [0x00000000a0000000, 0x0000000100000000)
  region size 1024K, 32 young (32768K), 2 survivors (2048K)
 Metaspace       used 44428K, capacity 45230K, committed 45488K, reserved 1089536K
  class space    used 5887K, capacity 6133K, committed 6144K, reserved 1048576K
}
Event: 28.270 GC heap after
{Heap after GC invocations=11 (full 0):
 garbage-first heap   total 89088K, used 39189K [0x00000000a0000000, 0x0000000100000000)
  region size 1024K, 4 young (4096K), 4 survivors (4096K)
 Metaspace       used 44428K, capacity 45230K, committed 45488K, reserved 1089536K
  class space    used 5887K, capacity 6133K, committed 6144K, reserved 1048576K
}
Event: 29.674 GC heap before
{Heap before GC invocations=11 (full 0):
 garbage-first heap   total 89088K, used 60693K [0x00000000a0000000, 0x0000000100000000)
  region size 1024K, 24 young (24576K), 4 survivors (4096K)
 Metaspace       used 44827K, capacity 45731K, committed 45872K, reserved 1089536K
  class space    used 5904K, capacity 6169K, committed 6272K, reserved 1048576K
}
Event: 29.685 GC heap after
{Heap after GC invocations=12 (full 0):
 garbage-first heap   total 89088K, used 46198K [0x00000000a0000000, 0x0000000100000000)
  region size 1024K, 5 young (5120K), 5 survivors (5120K)
 Metaspace       used 44827K, capacity 45731K, committed 45872K, reserved 1089536K
  class space    used 5904K, capacity 6169K, committed 6272K, reserved 1048576K
}
Event: 30.988 GC heap before
{Heap before GC invocations=13 (full 0):
 garbage-first heap   total 91136K, used 68726K [0x00000000a0000000, 0x0000000100000000)
  region size 1024K, 27 young (27648K), 5 survivors (5120K)
 Metaspace       used 46951K, capacity 48001K, committed 48304K, reserved 1091584K
  class space    used 6280K, capacity 6579K, committed 6656K, reserved 1048576K
}
Event: 30.999 GC heap after
{Heap after GC invocations=14 (full 0):
 garbage-first heap   total 91136K, used 49788K [0x00000000a0000000, 0x0000000100000000)
  region size 1024K, 4 young (4096K), 4 survivors (4096K)
 Metaspace       used 46951K, capacity 48001K, committed 48304K, reserved 1091584K
  class space    used 6280K, capacity 6579K, committed 6656K, reserved 1048576K
}
Event: 32.093 GC heap before
{Heap before GC invocations=14 (full 0):
 garbage-first heap   total 91136K, used 70268K [0x00000000a0000000, 0x0000000100000000)
  region size 1024K, 24 young (24576K), 4 survivors (4096K)
 Metaspace       used 48237K, capacity 49249K, committed 49456K, reserved 1091584K
  class space    used 6455K, capacity 6739K, committed 6784K, reserved 1048576K
}
Event: 32.104 GC heap after
{Heap after GC invocations=15 (full 0):
 garbage-first heap   total 91136K, used 50955K [0x00000000a0000000, 0x0000000100000000)
  region size 1024K, 2 young (2048K), 2 survivors (2048K)
 Metaspace       used 48237K, capacity 49249K, committed 49456K, reserved 1091584K
  class space    used 6455K, capacity 6739K, committed 6784K, reserved 1048576K
}
Event: 32.794 GC heap before
{Heap before GC invocations=16 (full 0):
 garbage-first heap   total 94208K, used 71435K [0x00000000a0000000, 0x0000000100000000)
  region size 1024K, 22 young (22528K), 2 survivors (2048K)
 Metaspace       used 48306K, capacity 49313K, committed 49456K, reserved 1091584K
  class space    used 6455K, capacity 6739K, committed 6784K, reserved 1048576K
}
Event: 32.801 GC heap after
{Heap after GC invocations=17 (full 0):
 garbage-first heap   total 94208K, used 51343K [0x00000000a0000000, 0x0000000100000000)
  region size 1024K, 2 young (2048K), 2 survivors (2048K)
 Metaspace       used 48306K, capacity 49313K, committed 49456K, reserved 1091584K
  class space    used 6455K, capacity 6739K, committed 6784K, reserved 1048576K
}
Event: 32.848 GC heap before
{Heap before GC invocations=17 (full 0):
 garbage-first heap   total 94208K, used 53391K [0x00000000a0000000, 0x0000000100000000)
  region size 1024K, 4 young (4096K), 2 survivors (2048K)
 Metaspace       used 48306K, capacity 49313K, committed 49456K, reserved 1091584K
  class space    used 6455K, capacity 6739K, committed 6784K, reserved 1048576K
}
Event: 32.868 GC heap after
{Heap after GC invocations=18 (full 0):
 garbage-first heap   total 94208K, used 48220K [0x00000000a0000000, 0x0000000100000000)
  region size 1024K, 1 young (1024K), 1 survivors (1024K)
 Metaspace       used 48306K, capacity 49313K, committed 49456K, reserved 1091584K
  class space    used 6455K, capacity 6739K, committed 6784K, reserved 1048576K
}

